[debug] [2018-07-30T08:44:35.059Z] ----------------------------------------------------------------------
[debug] [2018-07-30T08:44:35.062Z] Command:       C:\Program Files\nodejs\node.exe c:\Users\rbuibas\AppData\Roaming\npm\node_modules\firebase-tools\bin\firebase deploy
[debug] [2018-07-30T08:44:35.062Z] CLI Version:   4.0.0
[debug] [2018-07-30T08:44:35.062Z] Platform:      win32
[debug] [2018-07-30T08:44:35.062Z] Node Version:  v8.9.4
[debug] [2018-07-30T08:44:35.063Z] Time:          Mon Jul 30 2018 10:44:35 GMT+0200 (Romance Daylight Time)
[debug] [2018-07-30T08:44:35.063Z] ----------------------------------------------------------------------
[debug] 
[debug] [2018-07-30T08:44:35.074Z] > command requires scopes: ["email","openid","https://www.googleapis.com/auth/cloudplatformprojects.readonly","https://www.googleapis.com/auth/firebase","https://www.googleapis.com/auth/cloud-platform"]
[debug] [2018-07-30T08:44:35.075Z] > authorizing via signed-in user
[debug] [2018-07-30T08:44:35.077Z] > refreshing access token with scopes: ["email","https://www.googleapis.com/auth/cloud-platform","https://www.googleapis.com/auth/cloudplatformprojects.readonly","https://www.googleapis.com/auth/firebase","openid"]
[debug] [2018-07-30T08:44:35.077Z] >>> HTTP REQUEST POST https://www.googleapis.com/oauth2/v3/token  
 { refresh_token: '1/ovUbafOxrrRo8-tI0cia3Vu4k4yVr1x8iuhJjwYZNVI',
  client_id: '563584335869-fgrhgmd47bqnekij5i8b5pr03ho849e6.apps.googleusercontent.com',
  client_secret: 'j9iVZfS8kkCEFUPaAeJV0sAi',
  grant_type: 'refresh_token',
  scope: 'email https://www.googleapis.com/auth/cloud-platform https://www.googleapis.com/auth/cloudplatformprojects.readonly https://www.googleapis.com/auth/firebase openid' } 
 Mon Jul 30 2018 10:44:35 GMT+0200 (Romance Daylight Time)
[debug] [2018-07-30T08:44:36.801Z] <<< HTTP RESPONSE 200
[debug] [2018-07-30T08:44:36.808Z] >>> HTTP REQUEST GET https://admin.firebase.com/v1/projects/recipe-book-rbuibas  
  
 Mon Jul 30 2018 10:44:36 GMT+0200 (Romance Daylight Time)
[debug] [2018-07-30T08:44:38.390Z] <<< HTTP RESPONSE 200
[debug] [2018-07-30T08:44:38.390Z] >>> HTTP REQUEST GET https://admin.firebase.com/v1/database/recipe-book-rbuibas/tokens  
  
 Mon Jul 30 2018 10:44:38 GMT+0200 (Romance Daylight Time)
[debug] [2018-07-30T08:44:39.568Z] <<< HTTP RESPONSE 200
